{"/Users/dongwonkim/Documents/PlayGround/node/bible_node/chapter10/controllers/user.js": {"path":"/Users/dongwonkim/Documents/PlayGround/node/bible_node/chapter10/controllers/user.js","statementMap":{"0":{"start":{"line":1,"column":13},"end":{"line":1,"column":38}},"1":{"start":{"line":3,"column":0},"end":{"line":16,"column":2}},"2":{"start":{"line":4,"column":2},"end":{"line":15,"column":3}},"3":{"start":{"line":5,"column":17},"end":{"line":5,"column":67}},"4":{"start":{"line":6,"column":4},"end":{"line":11,"column":5}},"5":{"start":{"line":7,"column":6},"end":{"line":7,"column":59}},"6":{"start":{"line":8,"column":6},"end":{"line":8,"column":26}},"7":{"start":{"line":10,"column":6},"end":{"line":10,"column":38}},"8":{"start":{"line":13,"column":4},"end":{"line":13,"column":25}},"9":{"start":{"line":14,"column":4},"end":{"line":14,"column":16}}},"fnMap":{"0":{"name":"(anonymous_0)","decl":{"start":{"line":3,"column":23},"end":{"line":3,"column":24}},"loc":{"start":{"line":3,"column":49},"end":{"line":16,"column":1}},"line":3}},"branchMap":{"0":{"loc":{"start":{"line":6,"column":4},"end":{"line":11,"column":5}},"type":"if","locations":[{"start":{"line":6,"column":4},"end":{"line":11,"column":5}},{"start":{"line":6,"column":4},"end":{"line":11,"column":5}}],"line":6}},"s":{"0":1,"1":1,"2":3,"3":3,"4":2,"5":1,"6":1,"7":1,"8":1,"9":1},"f":{"0":3},"b":{"0":[1,1]},"_coverageSchema":"1a1c01bbd47fc00a2c39e90264f33305004495a9","hash":"a3a713b4c13b1b7b5fc04ec1e2e38db0cadb7507"}
,"/Users/dongwonkim/Documents/PlayGround/node/bible_node/chapter10/models/user.js": {"path":"/Users/dongwonkim/Documents/PlayGround/node/bible_node/chapter10/models/user.js","statementMap":{"0":{"start":{"line":1,"column":18},"end":{"line":1,"column":38}},"1":{"start":{"line":3,"column":0},"end":{"line":57,"column":2}},"2":{"start":{"line":5,"column":4},"end":{"line":40,"column":6}},"3":{"start":{"line":44,"column":4},"end":{"line":44,"column":29}},"4":{"start":{"line":45,"column":4},"end":{"line":49,"column":7}},"5":{"start":{"line":50,"column":4},"end":{"line":54,"column":7}},"6":{"start":{"line":55,"column":4},"end":{"line":55,"column":31}}},"fnMap":{"0":{"name":"(anonymous_0)","decl":{"start":{"line":4,"column":2},"end":{"line":4,"column":3}},"loc":{"start":{"line":4,"column":25},"end":{"line":41,"column":3}},"line":4},"1":{"name":"(anonymous_1)","decl":{"start":{"line":43,"column":2},"end":{"line":43,"column":3}},"loc":{"start":{"line":43,"column":23},"end":{"line":56,"column":3}},"line":43}},"branchMap":{},"s":{"0":2,"1":2,"2":1,"3":1,"4":1,"5":1,"6":1},"f":{"0":1,"1":1},"b":{},"_coverageSchema":"1a1c01bbd47fc00a2c39e90264f33305004495a9","hash":"fe3a829b0e3bd306011fbba875e9b528e2455db3"}
,"/Users/dongwonkim/Documents/PlayGround/node/bible_node/chapter10/routes/middlewares.js": {"path":"/Users/dongwonkim/Documents/PlayGround/node/bible_node/chapter10/routes/middlewares.js","statementMap":{"0":{"start":{"line":1,"column":12},"end":{"line":1,"column":35}},"1":{"start":{"line":2,"column":18},"end":{"line":2,"column":47}},"2":{"start":{"line":40,"column":0},"end":{"line":46,"column":2}},"3":{"start":{"line":41,"column":2},"end":{"line":45,"column":3}},"4":{"start":{"line":42,"column":4},"end":{"line":42,"column":11}},"5":{"start":{"line":44,"column":4},"end":{"line":44,"column":35}},"6":{"start":{"line":47,"column":0},"end":{"line":54,"column":2}},"7":{"start":{"line":48,"column":2},"end":{"line":53,"column":3}},"8":{"start":{"line":49,"column":4},"end":{"line":49,"column":11}},"9":{"start":{"line":51,"column":20},"end":{"line":51,"column":53}},"10":{"start":{"line":52,"column":4},"end":{"line":52,"column":39}}},"fnMap":{"0":{"name":"(anonymous_0)","decl":{"start":{"line":40,"column":21},"end":{"line":40,"column":22}},"loc":{"start":{"line":40,"column":41},"end":{"line":46,"column":1}},"line":40},"1":{"name":"(anonymous_1)","decl":{"start":{"line":47,"column":24},"end":{"line":47,"column":25}},"loc":{"start":{"line":47,"column":44},"end":{"line":54,"column":1}},"line":47}},"branchMap":{"0":{"loc":{"start":{"line":41,"column":2},"end":{"line":45,"column":3}},"type":"if","locations":[{"start":{"line":41,"column":2},"end":{"line":45,"column":3}},{"start":{"line":41,"column":2},"end":{"line":45,"column":3}}],"line":41},"1":{"loc":{"start":{"line":48,"column":2},"end":{"line":53,"column":3}},"type":"if","locations":[{"start":{"line":48,"column":2},"end":{"line":53,"column":3}},{"start":{"line":48,"column":2},"end":{"line":53,"column":3}}],"line":48}},"s":{"0":1,"1":1,"2":1,"3":2,"4":1,"5":1,"6":1,"7":2,"8":1,"9":1,"10":1},"f":{"0":2,"1":2},"b":{"0":[1,1],"1":[1,1]},"_coverageSchema":"1a1c01bbd47fc00a2c39e90264f33305004495a9","hash":"ad782e65ae1beb7019858d282a6eb252751cf0d8"}
}
