TN:
SF:controllers/user.js
FN:3,(anonymous_0)
FNF:1
FNH:1
FNDA:3,(anonymous_0)
DA:1,1
DA:3,1
DA:4,3
DA:5,3
DA:6,2
DA:7,1
DA:8,1
DA:10,1
DA:13,1
DA:14,1
LF:10
LH:10
BRDA:6,0,0,1
BRDA:6,0,1,1
BRF:2
BRH:2
end_of_record
TN:
SF:models/user.js
FN:4,(anonymous_0)
FN:43,(anonymous_1)
FNF:2
FNH:2
FNDA:1,(anonymous_0)
FNDA:1,(anonymous_1)
DA:1,2
DA:3,2
DA:5,1
DA:44,1
DA:45,1
DA:50,1
DA:55,1
LF:7
LH:7
BRF:0
BRH:0
end_of_record
TN:
SF:routes/middlewares.js
FN:40,(anonymous_0)
FN:47,(anonymous_1)
FNF:2
FNH:2
FNDA:2,(anonymous_0)
FNDA:2,(anonymous_1)
DA:1,1
DA:2,1
DA:40,1
DA:41,2
DA:42,1
DA:44,1
DA:47,1
DA:48,2
DA:49,1
DA:51,1
DA:52,1
LF:11
LH:11
BRDA:41,0,0,1
BRDA:41,0,1,1
BRDA:48,1,0,1
BRDA:48,1,1,1
BRF:4
BRH:4
end_of_record
